<?xml version="1.0" encoding="UTF-8"?>
<robot generator="Robot 4.1.3 (Python 3.8.9 on darwin)" generated="20220217 20:23:45.374" rpa="false" schemaversion="2">
<suite id="s1" name="Amazon" source="/Users/naliyev/PycharmProjects/RobotFramework/Tests/amazon.robot">
<test id="s1-t1" name="user is able to buy products using “Add to Basket” option in Amazon.com">
<kw name="Open Browser" library="SeleniumLibrary">
<arg>https://www.amazon.de/</arg>
<arg>googlechrome</arg>
<doc>Opens a new browser instance to the optional ``url``.</doc>
<msg timestamp="20220217 20:23:45.662" level="INFO">Opening browser 'googlechrome' to base url 'https://www.amazon.de/'.</msg>
<status status="PASS" starttime="20220217 20:23:45.662" endtime="20220217 20:23:52.200"/>
</kw>
<kw name="Wait Until Page Contains" library="SeleniumLibrary">
<arg>Sign in</arg>
<doc>Waits until ``text`` appears on the current page.</doc>
<status status="PASS" starttime="20220217 20:23:52.201" endtime="20220217 20:23:52.352"/>
</kw>
<kw name="Click Element" library="SeleniumLibrary">
<arg>xpath=//SPAN[@class='a-button-inner']</arg>
<doc>Click the element identified by ``locator``.</doc>
<msg timestamp="20220217 20:23:52.353" level="INFO">Clicking element 'xpath=//SPAN[@class='a-button-inner']'.</msg>
<status status="PASS" starttime="20220217 20:23:52.353" endtime="20220217 20:23:52.536"/>
</kw>
<kw name="Input Text" library="SeleniumLibrary">
<arg>id=twotabsearchtextbox</arg>
<arg>gopro hero 10</arg>
<doc>Types the given ``text`` into the text field identified by ``locator``.</doc>
<msg timestamp="20220217 20:23:52.537" level="INFO">Typing text 'gopro hero 10' into text field 'id=twotabsearchtextbox'.</msg>
<status status="PASS" starttime="20220217 20:23:52.537" endtime="20220217 20:23:52.842"/>
</kw>
<kw name="Click Button" library="SeleniumLibrary">
<arg>css=[id="nav-search-submit-button"]</arg>
<doc>Clicks the button identified by ``locator``.</doc>
<msg timestamp="20220217 20:23:52.843" level="INFO">Clicking button 'css=[id="nav-search-submit-button"]'.</msg>
<status status="PASS" starttime="20220217 20:23:52.843" endtime="20220217 20:23:54.517"/>
</kw>
<kw name="Wait Until Page Contains" library="SeleniumLibrary">
<arg>results for "gopro hero 10"</arg>
<doc>Waits until ``text`` appears on the current page.</doc>
<status status="PASS" starttime="20220217 20:23:54.517" endtime="20220217 20:23:54.540"/>
</kw>
<kw name="Click Element" library="SeleniumLibrary">
<arg>xpath=//SPAN[@class='a-size-medium a-color-base a-text-normal']</arg>
<doc>Click the element identified by ``locator``.</doc>
<msg timestamp="20220217 20:23:54.541" level="INFO">Clicking element 'xpath=//SPAN[@class='a-size-medium a-color-base a-text-normal']'.</msg>
<status status="PASS" starttime="20220217 20:23:54.540" endtime="20220217 20:23:59.660"/>
</kw>
<kw name="Wait Until Page Contains" library="SeleniumLibrary">
<arg>Back to results</arg>
<doc>Waits until ``text`` appears on the current page.</doc>
<status status="PASS" starttime="20220217 20:23:59.660" endtime="20220217 20:23:59.701"/>
</kw>
<kw name="Click Button" library="SeleniumLibrary">
<arg>xpath=//INPUT[@id='add-to-cart-button']</arg>
<doc>Clicks the button identified by ``locator``.</doc>
<msg timestamp="20220217 20:23:59.702" level="INFO">Clicking button 'xpath=//INPUT[@id='add-to-cart-button']'.</msg>
<status status="PASS" starttime="20220217 20:23:59.702" endtime="20220217 20:23:59.884"/>
</kw>
<kw name="Sleep" library="BuiltIn">
<arg>5s</arg>
<doc>Pauses the test executed for the given time.</doc>
<msg timestamp="20220217 20:24:04.886" level="INFO">Slept 5 seconds</msg>
<status status="PASS" starttime="20220217 20:23:59.885" endtime="20220217 20:24:04.887"/>
</kw>
<kw name="Close Browser" library="SeleniumLibrary">
<doc>Closes the current browser.</doc>
<status status="PASS" starttime="20220217 20:24:04.888" endtime="20220217 20:24:05.145"/>
</kw>
<tag>Smoke</tag>
<status status="PASS" starttime="20220217 20:23:45.661" endtime="20220217 20:24:05.145"/>
</test>
<doc>user is able to buy products using “Add to Basket” option in Amazon.com</doc>
<status status="PASS" starttime="20220217 20:23:45.376" endtime="20220217 20:24:05.146"/>
</suite>
<statistics>
<total>
<stat pass="1" fail="0" skip="0">All Tests</stat>
</total>
<tag>
<stat pass="1" fail="0" skip="0">Smoke</stat>
</tag>
<suite>
<stat pass="1" fail="0" skip="0" id="s1" name="Amazon">Amazon</stat>
</suite>
</statistics>
<errors>
</errors>
</robot>
